<?xml version="1.0" encoding="utf-8"?><testsuites><testsuite name="pytest" errors="0" failures="5" skipped="0" tests="7" time="4.790" timestamp="2026-03-21T22:47:48.033037" hostname="ASHHHHHH"><testcase classname="tests.test_phase5" name="test_google_auth_new_user" time="0.174" /><testcase classname="tests.test_phase5" name="test_google_auth_account_conflict" time="0.812" /><testcase classname="tests.test_phase5" name="test_google_auth_link_account" time="0.648"><failure message="KeyError: 'token'">client = &lt;FlaskClient &lt;Flask 'api.api_server'&gt;&gt;
monkeypatch = &lt;_pytest.monkeypatch.MonkeyPatch object at 0x0000023EB6467310&gt;

    def test_google_auth_link_account(client, monkeypatch):
        res1 = client.post('/register', json={
            "email": "linkme@example.com",
            "password": "Password123!"
        })
        assert res1.status_code == 200, res1.data
&gt;       client_token = res1.get_json()["token"]
E       KeyError: 'token'

tests\test_phase5.py:86: KeyError</failure></testcase><testcase classname="tests.test_phase5" name="test_update_password" time="0.554"><failure message="KeyError: 'token'">client = &lt;FlaskClient &lt;Flask 'api.api_server'&gt;&gt;

    def test_update_password(client):
        res1 = client.post('/register', json={
            "email": "passchange@example.com",
            "password": "OldPassword123!"
        })
        assert res1.status_code == 200, res1.data
&gt;       token = res1.get_json()["token"]
E       KeyError: 'token'

tests\test_phase5.py:117: KeyError</failure></testcase><testcase classname="tests.test_phase5" name="test_update_email" time="0.651"><failure message="KeyError: 'token'">client = &lt;FlaskClient &lt;Flask 'api.api_server'&gt;&gt;
monkeypatch = &lt;_pytest.monkeypatch.MonkeyPatch object at 0x0000023EB658F3D0&gt;

    def test_update_email(client, monkeypatch):
        res1 = client.post('/register', json={
            "email": "emailchange@example.com",
            "password": "Password123!"
        })
        assert res1.status_code == 200, res1.data
&gt;       token = res1.get_json()["token"]
E       KeyError: 'token'

tests\test_phase5.py:140: KeyError</failure></testcase><testcase classname="tests.test_phase5" name="test_logout_all" time="0.595"><failure message="KeyError: 'token'">client = &lt;FlaskClient &lt;Flask 'api.api_server'&gt;&gt;

    def test_logout_all(client):
        res1 = client.post('/register', json={
            "email": "logoutall@example.com",
            "password": "Password123!"
        })
        assert res1.status_code == 200, res1.data
&gt;       token = res1.get_json()["token"]
E       KeyError: 'token'

tests\test_phase5.py:160: KeyError</failure></testcase><testcase classname="tests.test_phase5" name="test_invitation_flow" time="0.565"><failure message="KeyError: 'token'">client = &lt;FlaskClient &lt;Flask 'api.api_server'&gt;&gt;
monkeypatch = &lt;_pytest.monkeypatch.MonkeyPatch object at 0x0000023EB6550B80&gt;

    def test_invitation_flow(client, monkeypatch):
        # Setup admin
        import services.auth_service
        # Direct access to create an admin
        admin_res = client.post('/register', json={"email": "admin@example.com", "password": "Pass123!"})
        assert admin_res.status_code == 200, admin_res.data
&gt;       admin_token = admin_res.get_json()["token"]
E       KeyError: 'token'

tests\test_phase5.py:174: KeyError</failure></testcase></testsuite></testsuites>