<?xml version="1.0" encoding="utf-8"?><testsuites><testsuite name="pytest" errors="0" failures="5" skipped="0" tests="7" time="5.080" timestamp="2026-03-21T22:46:12.477593" hostname="ASHHHHHH"><testcase classname="tests.test_phase5" name="test_google_auth_new_user" time="0.183" /><testcase classname="tests.test_phase5" name="test_google_auth_account_conflict" time="0.865" /><testcase classname="tests.test_phase5" name="test_google_auth_link_account" time="0.749"><failure message="KeyError: 'token'">client = &lt;FlaskClient &lt;Flask 'api.api_server'&gt;&gt;
monkeypatch = &lt;_pytest.monkeypatch.MonkeyPatch object at 0x000001F3407DB2E0&gt;

    def test_google_auth_link_account(client, monkeypatch):
        res1 = client.post('/register', json={
            "email": "linkme@example.com",
            "password": "Password123!"
        })
&gt;       client_token = res1.get_json()["token"]
E       KeyError: 'token'

tests\test_phase5.py:85: KeyError</failure></testcase><testcase classname="tests.test_phase5" name="test_update_password" time="0.632"><failure message="KeyError: 'token'">client = &lt;FlaskClient &lt;Flask 'api.api_server'&gt;&gt;

    def test_update_password(client):
        res1 = client.post('/register', json={
            "email": "passchange@example.com",
            "password": "OldPassword123!"
        })
&gt;       token = res1.get_json()["token"]
E       KeyError: 'token'

tests\test_phase5.py:115: KeyError</failure></testcase><testcase classname="tests.test_phase5" name="test_update_email" time="0.559"><failure message="KeyError: 'token'">client = &lt;FlaskClient &lt;Flask 'api.api_server'&gt;&gt;
monkeypatch = &lt;_pytest.monkeypatch.MonkeyPatch object at 0x000001F340903DC0&gt;

    def test_update_email(client, monkeypatch):
        res1 = client.post('/register', json={
            "email": "emailchange@example.com",
            "password": "Password123!"
        })
&gt;       token = res1.get_json()["token"]
E       KeyError: 'token'

tests\test_phase5.py:137: KeyError</failure></testcase><testcase classname="tests.test_phase5" name="test_logout_all" time="0.661"><failure message="KeyError: 'token'">client = &lt;FlaskClient &lt;Flask 'api.api_server'&gt;&gt;

    def test_logout_all(client):
        res1 = client.post('/register', json={
            "email": "logoutall@example.com",
            "password": "Password123!"
        })
&gt;       token = res1.get_json()["token"]
E       KeyError: 'token'

tests\test_phase5.py:156: KeyError</failure></testcase><testcase classname="tests.test_phase5" name="test_invitation_flow" time="0.635"><failure message="KeyError: 'token'">client = &lt;FlaskClient &lt;Flask 'api.api_server'&gt;&gt;
monkeypatch = &lt;_pytest.monkeypatch.MonkeyPatch object at 0x000001F340933CD0&gt;

    def test_invitation_flow(client, monkeypatch):
        # Setup admin
        import services.auth_service
        # Direct access to create an admin
        admin_res = client.post('/register', json={"email": "admin@example.com", "password": "Pass123!"})
&gt;       admin_token = admin_res.get_json()["token"]
E       KeyError: 'token'

tests\test_phase5.py:169: KeyError</failure></testcase></testsuite></testsuites>